CRITICAL - 2025-04-27 16:01:38 --> CodeIgniter\View\Exceptions\ViewException: Invalid file: "front/Metodos de Pagos.php"
[Method: GET, Route: Metodos%20de%20Pagos]
in SYSTEMPATH\Exceptions\FrameworkException.php on line 39.
 1 SYSTEMPATH\View\View.php(212): CodeIgniter\Exceptions\FrameworkException::forInvalidFile('front/Metodos de Pagos.php')
 2 SYSTEMPATH\Common.php(1173): CodeIgniter\View\View->render('front/Metodos de Pagos', [], true)
 3 APPPATH\Controllers\Home.php(49): view('front/Metodos de Pagos')
 4 SYSTEMPATH\CodeIgniter.php(933): App\Controllers\Home->metodosPagos()
 5 SYSTEMPATH\CodeIgniter.php(507): CodeIgniter\CodeIgniter->runController(Object(App\Controllers\Home))
 6 SYSTEMPATH\CodeIgniter.php(354): CodeIgniter\CodeIgniter->handleRequest(null, Object(Config\Cache), false)
 7 SYSTEMPATH\Boot.php(334): CodeIgniter\CodeIgniter->run()
 8 SYSTEMPATH\Boot.php(67): CodeIgniter\Boot::runCodeIgniter(Object(CodeIgniter\CodeIgniter))
 9 FCPATH\index.php(56): CodeIgniter\Boot::bootWeb(Object(Config\Paths))
CRITICAL - 2025-04-27 16:01:42 --> CodeIgniter\View\Exceptions\ViewException: Invalid file: "front/Sucursales.php"
[Method: GET, Route: Sucursales]
in SYSTEMPATH\Exceptions\FrameworkException.php on line 39.
 1 SYSTEMPATH\View\View.php(212): CodeIgniter\Exceptions\FrameworkException::forInvalidFile('front/Sucursales.php')
 2 SYSTEMPATH\Common.php(1173): CodeIgniter\View\View->render('front/Sucursales', [], true)
 3 APPPATH\Controllers\Home.php(58): view('front/Sucursales')
 4 SYSTEMPATH\CodeIgniter.php(933): App\Controllers\Home->sucursales()
 5 SYSTEMPATH\CodeIgniter.php(507): CodeIgniter\CodeIgniter->runController(Object(App\Controllers\Home))
 6 SYSTEMPATH\CodeIgniter.php(354): CodeIgniter\CodeIgniter->handleRequest(null, Object(Config\Cache), false)
 7 SYSTEMPATH\Boot.php(334): CodeIgniter\CodeIgniter->run()
 8 SYSTEMPATH\Boot.php(67): CodeIgniter\Boot::runCodeIgniter(Object(CodeIgniter\CodeIgniter))
 9 FCPATH\index.php(56): CodeIgniter\Boot::bootWeb(Object(Config\Paths))
CRITICAL - 2025-04-27 16:39:17 --> CodeIgniter\View\Exceptions\ViewException: Invalid file: "front/register.php"
[Method: GET, Route: Register]
in SYSTEMPATH\Exceptions\FrameworkException.php on line 39.
 1 SYSTEMPATH\View\View.php(212): CodeIgniter\Exceptions\FrameworkException::forInvalidFile('front/register.php')
 2 SYSTEMPATH\Common.php(1173): CodeIgniter\View\View->render('front/register', [], true)
 3 APPPATH\Controllers\Home.php(74): view('front/register')
 4 SYSTEMPATH\CodeIgniter.php(933): App\Controllers\Home->register()
 5 SYSTEMPATH\CodeIgniter.php(507): CodeIgniter\CodeIgniter->runController(Object(App\Controllers\Home))
 6 SYSTEMPATH\CodeIgniter.php(354): CodeIgniter\CodeIgniter->handleRequest(null, Object(Config\Cache), false)
 7 SYSTEMPATH\Boot.php(334): CodeIgniter\CodeIgniter->run()
 8 SYSTEMPATH\Boot.php(67): CodeIgniter\Boot::runCodeIgniter(Object(CodeIgniter\CodeIgniter))
 9 FCPATH\index.php(56): CodeIgniter\Boot::bootWeb(Object(Config\Paths))
CRITICAL - 2025-04-27 17:46:41 --> CodeIgniter\View\Exceptions\ViewException: Invalid file: "front/Sucursales.php"
[Method: GET, Route: Sucursales]
in SYSTEMPATH\Exceptions\FrameworkException.php on line 39.
 1 SYSTEMPATH\View\View.php(212): CodeIgniter\Exceptions\FrameworkException::forInvalidFile('front/Sucursales.php')
 2 SYSTEMPATH\Common.php(1173): CodeIgniter\View\View->render('front/Sucursales', [], true)
 3 APPPATH\Controllers\Home.php(58): view('front/Sucursales')
 4 SYSTEMPATH\CodeIgniter.php(933): App\Controllers\Home->sucursales()
 5 SYSTEMPATH\CodeIgniter.php(507): CodeIgniter\CodeIgniter->runController(Object(App\Controllers\Home))
 6 SYSTEMPATH\CodeIgniter.php(354): CodeIgniter\CodeIgniter->handleRequest(null, Object(Config\Cache), false)
 7 SYSTEMPATH\Boot.php(334): CodeIgniter\CodeIgniter->run()
 8 SYSTEMPATH\Boot.php(67): CodeIgniter\Boot::runCodeIgniter(Object(CodeIgniter\CodeIgniter))
 9 FCPATH\index.php(56): CodeIgniter\Boot::bootWeb(Object(Config\Paths))
CRITICAL - 2025-04-27 17:57:03 --> CodeIgniter\View\Exceptions\ViewException: Invalid file: "front/Metodos de Pagos.php"
[Method: GET, Route: Metodos%20de%20Pagos]
in SYSTEMPATH\Exceptions\FrameworkException.php on line 39.
 1 SYSTEMPATH\View\View.php(212): CodeIgniter\Exceptions\FrameworkException::forInvalidFile('front/Metodos de Pagos.php')
 2 SYSTEMPATH\Common.php(1173): CodeIgniter\View\View->render('front/Metodos de Pagos', [], true)
 3 APPPATH\Controllers\Home.php(49): view('front/Metodos de Pagos')
 4 SYSTEMPATH\CodeIgniter.php(933): App\Controllers\Home->metodosPagos()
 5 SYSTEMPATH\CodeIgniter.php(507): CodeIgniter\CodeIgniter->runController(Object(App\Controllers\Home))
 6 SYSTEMPATH\CodeIgniter.php(354): CodeIgniter\CodeIgniter->handleRequest(null, Object(Config\Cache), false)
 7 SYSTEMPATH\Boot.php(334): CodeIgniter\CodeIgniter->run()
 8 SYSTEMPATH\Boot.php(67): CodeIgniter\Boot::runCodeIgniter(Object(CodeIgniter\CodeIgniter))
 9 FCPATH\index.php(56): CodeIgniter\Boot::bootWeb(Object(Config\Paths))
