DEBUG - 2025-06-25 02:13:39 --> Session: Class initialized using 'CodeIgniter\Session\Handlers\FileHandler' driver.
INFO - 2025-06-25 02:13:39 --> Cart Class Initialized
DEBUG - 2025-06-25 02:13:42 --> Session: Class initialized using 'CodeIgniter\Session\Handlers\FileHandler' driver.
INFO - 2025-06-25 02:13:42 --> Cart Class Initialized
DEBUG - 2025-06-25 02:13:49 --> Session: Class initialized using 'CodeIgniter\Session\Handlers\FileHandler' driver.
DEBUG - 2025-06-25 02:13:49 --> Session: Class initialized using 'CodeIgniter\Session\Handlers\FileHandler' driver.
INFO - 2025-06-25 02:13:49 --> Cart Class Initialized
DEBUG - 2025-06-25 02:13:56 --> Session: Class initialized using 'CodeIgniter\Session\Handlers\FileHandler' driver.
DEBUG - 2025-06-25 02:13:56 --> Session: Class initialized using 'CodeIgniter\Session\Handlers\FileHandler' driver.
INFO - 2025-06-25 02:13:56 --> Cart Class Initialized
DEBUG - 2025-06-25 02:13:59 --> Session: Class initialized using 'CodeIgniter\Session\Handlers\FileHandler' driver.
INFO - 2025-06-25 02:13:59 --> Cart Class Initialized
DEBUG - 2025-06-25 02:14:14 --> Session: Class initialized using 'CodeIgniter\Session\Handlers\FileHandler' driver.
DEBUG - 2025-06-25 02:14:14 --> Session: Class initialized using 'CodeIgniter\Session\Handlers\FileHandler' driver.
INFO - 2025-06-25 02:14:14 --> Cart Class Initialized
DEBUG - 2025-06-25 02:16:46 --> Session: Class initialized using 'CodeIgniter\Session\Handlers\FileHandler' driver.
INFO - 2025-06-25 02:16:46 --> Cart Class Initialized
DEBUG - 2025-06-25 02:16:49 --> Session: Class initialized using 'CodeIgniter\Session\Handlers\FileHandler' driver.
INFO - 2025-06-25 02:16:49 --> Cart Class Initialized
DEBUG - 2025-06-25 02:16:55 --> Session: Class initialized using 'CodeIgniter\Session\Handlers\FileHandler' driver.
INFO - 2025-06-25 02:16:55 --> Cart Class Initialized
DEBUG - 2025-06-25 02:16:56 --> Session: Class initialized using 'CodeIgniter\Session\Handlers\FileHandler' driver.
INFO - 2025-06-25 02:16:56 --> Cart Class Initialized
DEBUG - 2025-06-25 02:17:04 --> Session: Class initialized using 'CodeIgniter\Session\Handlers\FileHandler' driver.
INFO - 2025-06-25 02:17:04 --> Cart Class Initialized
DEBUG - 2025-06-25 02:17:05 --> Session: Class initialized using 'CodeIgniter\Session\Handlers\FileHandler' driver.
INFO - 2025-06-25 02:17:05 --> Cart Class Initialized
DEBUG - 2025-06-25 02:17:12 --> Session: Class initialized using 'CodeIgniter\Session\Handlers\FileHandler' driver.
DEBUG - 2025-06-25 02:17:12 --> Session: Class initialized using 'CodeIgniter\Session\Handlers\FileHandler' driver.
INFO - 2025-06-25 02:17:12 --> Cart Class Initialized
DEBUG - 2025-06-25 02:17:16 --> Session: Class initialized using 'CodeIgniter\Session\Handlers\FileHandler' driver.
DEBUG - 2025-06-25 02:17:16 --> Session: Class initialized using 'CodeIgniter\Session\Handlers\FileHandler' driver.
INFO - 2025-06-25 02:17:16 --> Cart Class Initialized
DEBUG - 2025-06-25 02:17:29 --> Session: Class initialized using 'CodeIgniter\Session\Handlers\FileHandler' driver.
INFO - 2025-06-25 02:17:29 --> Cart Class Initialized
DEBUG - 2025-06-25 02:17:30 --> Session: Class initialized using 'CodeIgniter\Session\Handlers\FileHandler' driver.
INFO - 2025-06-25 02:17:30 --> Cart Class Initialized
DEBUG - 2025-06-25 02:17:31 --> Session: Class initialized using 'CodeIgniter\Session\Handlers\FileHandler' driver.
INFO - 2025-06-25 02:17:31 --> Cart Class Initialized
DEBUG - 2025-06-25 02:17:36 --> Session: Class initialized using 'CodeIgniter\Session\Handlers\FileHandler' driver.
INFO - 2025-06-25 02:17:36 --> Cart Class Initialized
DEBUG - 2025-06-25 02:17:36 --> Session: Class initialized using 'CodeIgniter\Session\Handlers\FileHandler' driver.
INFO - 2025-06-25 02:17:36 --> Cart Class Initialized
DEBUG - 2025-06-25 02:17:36 --> Session: Class initialized using 'CodeIgniter\Session\Handlers\FileHandler' driver.
INFO - 2025-06-25 02:17:36 --> Cart Class Initialized
DEBUG - 2025-06-25 02:17:36 --> Session: Class initialized using 'CodeIgniter\Session\Handlers\FileHandler' driver.
INFO - 2025-06-25 02:17:36 --> Cart Class Initialized
DEBUG - 2025-06-25 02:17:36 --> Session: Class initialized using 'CodeIgniter\Session\Handlers\FileHandler' driver.
INFO - 2025-06-25 02:17:36 --> Cart Class Initialized
DEBUG - 2025-06-25 02:17:36 --> Session: Class initialized using 'CodeIgniter\Session\Handlers\FileHandler' driver.
INFO - 2025-06-25 02:17:36 --> Cart Class Initialized
DEBUG - 2025-06-25 02:17:37 --> Session: Class initialized using 'CodeIgniter\Session\Handlers\FileHandler' driver.
INFO - 2025-06-25 02:17:37 --> Cart Class Initialized
DEBUG - 2025-06-25 02:17:37 --> Session: Class initialized using 'CodeIgniter\Session\Handlers\FileHandler' driver.
INFO - 2025-06-25 02:17:37 --> Cart Class Initialized
DEBUG - 2025-06-25 02:17:37 --> Session: Class initialized using 'CodeIgniter\Session\Handlers\FileHandler' driver.
INFO - 2025-06-25 02:17:37 --> Cart Class Initialized
DEBUG - 2025-06-25 02:17:37 --> Session: Class initialized using 'CodeIgniter\Session\Handlers\FileHandler' driver.
INFO - 2025-06-25 02:17:37 --> Cart Class Initialized
DEBUG - 2025-06-25 02:17:40 --> Session: Class initialized using 'CodeIgniter\Session\Handlers\FileHandler' driver.
INFO - 2025-06-25 02:17:40 --> Cart Class Initialized
DEBUG - 2025-06-25 02:17:40 --> Session: Class initialized using 'CodeIgniter\Session\Handlers\FileHandler' driver.
INFO - 2025-06-25 02:17:40 --> Cart Class Initialized
DEBUG - 2025-06-25 02:17:41 --> Session: Class initialized using 'CodeIgniter\Session\Handlers\FileHandler' driver.
INFO - 2025-06-25 02:17:41 --> Cart Class Initialized
DEBUG - 2025-06-25 02:17:41 --> Session: Class initialized using 'CodeIgniter\Session\Handlers\FileHandler' driver.
INFO - 2025-06-25 02:17:41 --> Cart Class Initialized
DEBUG - 2025-06-25 02:17:41 --> Session: Class initialized using 'CodeIgniter\Session\Handlers\FileHandler' driver.
INFO - 2025-06-25 02:17:41 --> Cart Class Initialized
DEBUG - 2025-06-25 02:17:41 --> Session: Class initialized using 'CodeIgniter\Session\Handlers\FileHandler' driver.
INFO - 2025-06-25 02:17:41 --> Cart Class Initialized
DEBUG - 2025-06-25 02:17:41 --> Session: Class initialized using 'CodeIgniter\Session\Handlers\FileHandler' driver.
INFO - 2025-06-25 02:17:41 --> Cart Class Initialized
DEBUG - 2025-06-25 02:17:41 --> Session: Class initialized using 'CodeIgniter\Session\Handlers\FileHandler' driver.
INFO - 2025-06-25 02:17:41 --> Cart Class Initialized
DEBUG - 2025-06-25 02:17:42 --> Session: Class initialized using 'CodeIgniter\Session\Handlers\FileHandler' driver.
INFO - 2025-06-25 02:17:42 --> Cart Class Initialized
DEBUG - 2025-06-25 02:18:50 --> Session: Class initialized using 'CodeIgniter\Session\Handlers\FileHandler' driver.
INFO - 2025-06-25 02:18:50 --> Cart Class Initialized
DEBUG - 2025-06-25 02:18:53 --> Session: Class initialized using 'CodeIgniter\Session\Handlers\FileHandler' driver.
INFO - 2025-06-25 02:18:53 --> Cart Class Initialized
DEBUG - 2025-06-25 02:18:53 --> Session: Class initialized using 'CodeIgniter\Session\Handlers\FileHandler' driver.
INFO - 2025-06-25 02:18:53 --> Cart Class Initialized
DEBUG - 2025-06-25 02:18:53 --> Session: Class initialized using 'CodeIgniter\Session\Handlers\FileHandler' driver.
INFO - 2025-06-25 02:18:53 --> Cart Class Initialized
DEBUG - 2025-06-25 02:18:53 --> Session: Class initialized using 'CodeIgniter\Session\Handlers\FileHandler' driver.
INFO - 2025-06-25 02:18:53 --> Cart Class Initialized
DEBUG - 2025-06-25 02:18:53 --> Session: Class initialized using 'CodeIgniter\Session\Handlers\FileHandler' driver.
INFO - 2025-06-25 02:18:53 --> Cart Class Initialized
DEBUG - 2025-06-25 02:18:54 --> Session: Class initialized using 'CodeIgniter\Session\Handlers\FileHandler' driver.
INFO - 2025-06-25 02:18:54 --> Cart Class Initialized
DEBUG - 2025-06-25 02:18:54 --> Session: Class initialized using 'CodeIgniter\Session\Handlers\FileHandler' driver.
INFO - 2025-06-25 02:18:54 --> Cart Class Initialized
DEBUG - 2025-06-25 02:18:56 --> Session: Class initialized using 'CodeIgniter\Session\Handlers\FileHandler' driver.
INFO - 2025-06-25 02:18:56 --> Cart Class Initialized
DEBUG - 2025-06-25 02:18:56 --> Session: Class initialized using 'CodeIgniter\Session\Handlers\FileHandler' driver.
INFO - 2025-06-25 02:18:56 --> Cart Class Initialized
DEBUG - 2025-06-25 02:18:56 --> Session: Class initialized using 'CodeIgniter\Session\Handlers\FileHandler' driver.
INFO - 2025-06-25 02:18:56 --> Cart Class Initialized
DEBUG - 2025-06-25 02:18:56 --> Session: Class initialized using 'CodeIgniter\Session\Handlers\FileHandler' driver.
INFO - 2025-06-25 02:18:56 --> Cart Class Initialized
DEBUG - 2025-06-25 02:18:57 --> Session: Class initialized using 'CodeIgniter\Session\Handlers\FileHandler' driver.
INFO - 2025-06-25 02:18:57 --> Cart Class Initialized
DEBUG - 2025-06-25 02:18:57 --> Session: Class initialized using 'CodeIgniter\Session\Handlers\FileHandler' driver.
INFO - 2025-06-25 02:18:57 --> Cart Class Initialized
DEBUG - 2025-06-25 02:18:57 --> Session: Class initialized using 'CodeIgniter\Session\Handlers\FileHandler' driver.
INFO - 2025-06-25 02:18:57 --> Cart Class Initialized
DEBUG - 2025-06-25 02:18:57 --> Session: Class initialized using 'CodeIgniter\Session\Handlers\FileHandler' driver.
INFO - 2025-06-25 02:18:57 --> Cart Class Initialized
DEBUG - 2025-06-25 02:18:58 --> Session: Class initialized using 'CodeIgniter\Session\Handlers\FileHandler' driver.
INFO - 2025-06-25 02:18:58 --> Cart Class Initialized
DEBUG - 2025-06-25 02:18:59 --> Session: Class initialized using 'CodeIgniter\Session\Handlers\FileHandler' driver.
INFO - 2025-06-25 02:18:59 --> Cart Class Initialized
DEBUG - 2025-06-25 02:19:03 --> Session: Class initialized using 'CodeIgniter\Session\Handlers\FileHandler' driver.
INFO - 2025-06-25 02:19:03 --> Cart Class Initialized
DEBUG - 2025-06-25 02:19:13 --> Session: Class initialized using 'CodeIgniter\Session\Handlers\FileHandler' driver.
INFO - 2025-06-25 02:19:13 --> Cart Class Initialized
DEBUG - 2025-06-25 02:19:13 --> Session: Class initialized using 'CodeIgniter\Session\Handlers\FileHandler' driver.
INFO - 2025-06-25 02:19:13 --> Cart Class Initialized
DEBUG - 2025-06-25 02:19:14 --> Session: Class initialized using 'CodeIgniter\Session\Handlers\FileHandler' driver.
INFO - 2025-06-25 02:19:14 --> Cart Class Initialized
DEBUG - 2025-06-25 02:19:14 --> Session: Class initialized using 'CodeIgniter\Session\Handlers\FileHandler' driver.
INFO - 2025-06-25 02:19:14 --> Cart Class Initialized
DEBUG - 2025-06-25 02:19:14 --> Session: Class initialized using 'CodeIgniter\Session\Handlers\FileHandler' driver.
INFO - 2025-06-25 02:19:15 --> Cart Class Initialized
DEBUG - 2025-06-25 02:19:15 --> Session: Class initialized using 'CodeIgniter\Session\Handlers\FileHandler' driver.
INFO - 2025-06-25 02:19:15 --> Cart Class Initialized
DEBUG - 2025-06-25 02:19:17 --> Session: Class initialized using 'CodeIgniter\Session\Handlers\FileHandler' driver.
INFO - 2025-06-25 02:19:17 --> Cart Class Initialized
DEBUG - 2025-06-25 02:19:18 --> Session: Class initialized using 'CodeIgniter\Session\Handlers\FileHandler' driver.
INFO - 2025-06-25 02:19:18 --> Cart Class Initialized
DEBUG - 2025-06-25 02:19:20 --> Session: Class initialized using 'CodeIgniter\Session\Handlers\FileHandler' driver.
INFO - 2025-06-25 02:19:20 --> Cart Class Initialized
DEBUG - 2025-06-25 02:20:29 --> Session: Class initialized using 'CodeIgniter\Session\Handlers\FileHandler' driver.
INFO - 2025-06-25 02:20:29 --> Cart Class Initialized
DEBUG - 2025-06-25 02:20:30 --> Session: Class initialized using 'CodeIgniter\Session\Handlers\FileHandler' driver.
INFO - 2025-06-25 02:20:30 --> Cart Class Initialized
DEBUG - 2025-06-25 02:20:32 --> Session: Class initialized using 'CodeIgniter\Session\Handlers\FileHandler' driver.
INFO - 2025-06-25 02:20:32 --> Cart Class Initialized
DEBUG - 2025-06-25 02:20:32 --> Session: Class initialized using 'CodeIgniter\Session\Handlers\FileHandler' driver.
INFO - 2025-06-25 02:20:32 --> Cart Class Initialized
DEBUG - 2025-06-25 02:20:32 --> Session: Class initialized using 'CodeIgniter\Session\Handlers\FileHandler' driver.
INFO - 2025-06-25 02:20:32 --> Cart Class Initialized
DEBUG - 2025-06-25 02:20:32 --> Session: Class initialized using 'CodeIgniter\Session\Handlers\FileHandler' driver.
INFO - 2025-06-25 02:20:32 --> Cart Class Initialized
DEBUG - 2025-06-25 02:20:32 --> Session: Class initialized using 'CodeIgniter\Session\Handlers\FileHandler' driver.
INFO - 2025-06-25 02:20:32 --> Cart Class Initialized
DEBUG - 2025-06-25 02:20:33 --> Session: Class initialized using 'CodeIgniter\Session\Handlers\FileHandler' driver.
INFO - 2025-06-25 02:20:33 --> Cart Class Initialized
DEBUG - 2025-06-25 02:20:33 --> Session: Class initialized using 'CodeIgniter\Session\Handlers\FileHandler' driver.
INFO - 2025-06-25 02:20:33 --> Cart Class Initialized
DEBUG - 2025-06-25 02:20:35 --> Session: Class initialized using 'CodeIgniter\Session\Handlers\FileHandler' driver.
INFO - 2025-06-25 02:20:35 --> Cart Class Initialized
DEBUG - 2025-06-25 02:20:35 --> Session: Class initialized using 'CodeIgniter\Session\Handlers\FileHandler' driver.
INFO - 2025-06-25 02:20:35 --> Cart Class Initialized
DEBUG - 2025-06-25 02:20:36 --> Session: Class initialized using 'CodeIgniter\Session\Handlers\FileHandler' driver.
INFO - 2025-06-25 02:20:36 --> Cart Class Initialized
DEBUG - 2025-06-25 02:20:36 --> Session: Class initialized using 'CodeIgniter\Session\Handlers\FileHandler' driver.
INFO - 2025-06-25 02:20:36 --> Cart Class Initialized
DEBUG - 2025-06-25 02:20:37 --> Session: Class initialized using 'CodeIgniter\Session\Handlers\FileHandler' driver.
INFO - 2025-06-25 02:20:37 --> Cart Class Initialized
DEBUG - 2025-06-25 02:20:37 --> Session: Class initialized using 'CodeIgniter\Session\Handlers\FileHandler' driver.
INFO - 2025-06-25 02:20:37 --> Cart Class Initialized
DEBUG - 2025-06-25 02:20:37 --> Session: Class initialized using 'CodeIgniter\Session\Handlers\FileHandler' driver.
INFO - 2025-06-25 02:20:38 --> Cart Class Initialized
DEBUG - 2025-06-25 02:20:38 --> Session: Class initialized using 'CodeIgniter\Session\Handlers\FileHandler' driver.
INFO - 2025-06-25 02:20:38 --> Cart Class Initialized
DEBUG - 2025-06-25 02:20:38 --> Session: Class initialized using 'CodeIgniter\Session\Handlers\FileHandler' driver.
INFO - 2025-06-25 02:20:38 --> Cart Class Initialized
DEBUG - 2025-06-25 02:20:38 --> Session: Class initialized using 'CodeIgniter\Session\Handlers\FileHandler' driver.
INFO - 2025-06-25 02:20:38 --> Cart Class Initialized
DEBUG - 2025-06-25 02:20:38 --> Session: Class initialized using 'CodeIgniter\Session\Handlers\FileHandler' driver.
INFO - 2025-06-25 02:20:38 --> Cart Class Initialized
DEBUG - 2025-06-25 02:20:38 --> Session: Class initialized using 'CodeIgniter\Session\Handlers\FileHandler' driver.
INFO - 2025-06-25 02:20:38 --> Cart Class Initialized
DEBUG - 2025-06-25 02:20:39 --> Session: Class initialized using 'CodeIgniter\Session\Handlers\FileHandler' driver.
INFO - 2025-06-25 02:20:39 --> Cart Class Initialized
DEBUG - 2025-06-25 02:20:40 --> Session: Class initialized using 'CodeIgniter\Session\Handlers\FileHandler' driver.
INFO - 2025-06-25 02:20:40 --> Cart Class Initialized
DEBUG - 2025-06-25 02:21:06 --> Session: Class initialized using 'CodeIgniter\Session\Handlers\FileHandler' driver.
INFO - 2025-06-25 02:21:06 --> Cart Class Initialized
DEBUG - 2025-06-25 02:21:08 --> Session: Class initialized using 'CodeIgniter\Session\Handlers\FileHandler' driver.
CRITICAL - 2025-06-25 02:21:08 --> ParseError: syntax error, unexpected token "else"
[Method: GET, Route: ventas]
in APPPATH\Controllers\ventasController.php on line 48.
 1 SYSTEMPATH\Autoloader\Autoloader.php(295): CodeIgniter\Autoloader\Autoloader->includeFile('C:\\xampp\\htdocs\\Proyecto_Marano_y_Mas\\app\\Controllers\\ventasController.php')
 2 SYSTEMPATH\Autoloader\Autoloader.php(271): CodeIgniter\Autoloader\Autoloader->loadInNamespace('App\\Controllers\\ventasController')
 3 [internal function]: CodeIgniter\Autoloader\Autoloader->loadClass('App\\Controllers\\ventasController')
 4 SYSTEMPATH\CodeIgniter.php(885): class_exists('\\App\\Controllers\\ventasController', true)
 5 SYSTEMPATH\CodeIgniter.php(494): CodeIgniter\CodeIgniter->startController()
 6 SYSTEMPATH\CodeIgniter.php(354): CodeIgniter\CodeIgniter->handleRequest(null, Object(Config\Cache), false)
 7 SYSTEMPATH\Boot.php(334): CodeIgniter\CodeIgniter->run()
 8 SYSTEMPATH\Boot.php(67): CodeIgniter\Boot::runCodeIgniter(Object(CodeIgniter\CodeIgniter))
 9 FCPATH\index.php(56): CodeIgniter\Boot::bootWeb(Object(Config\Paths))
DEBUG - 2025-06-25 02:21:11 --> Session: Class initialized using 'CodeIgniter\Session\Handlers\FileHandler' driver.
CRITICAL - 2025-06-25 02:21:11 --> ParseError: syntax error, unexpected token "else"
[Method: GET, Route: ventas]
in APPPATH\Controllers\ventasController.php on line 48.
 1 SYSTEMPATH\Autoloader\Autoloader.php(295): CodeIgniter\Autoloader\Autoloader->includeFile('C:\\xampp\\htdocs\\Proyecto_Marano_y_Mas\\app\\Controllers\\ventasController.php')
 2 SYSTEMPATH\Autoloader\Autoloader.php(271): CodeIgniter\Autoloader\Autoloader->loadInNamespace('App\\Controllers\\ventasController')
 3 [internal function]: CodeIgniter\Autoloader\Autoloader->loadClass('App\\Controllers\\ventasController')
 4 SYSTEMPATH\CodeIgniter.php(885): class_exists('\\App\\Controllers\\ventasController', true)
 5 SYSTEMPATH\CodeIgniter.php(494): CodeIgniter\CodeIgniter->startController()
 6 SYSTEMPATH\CodeIgniter.php(354): CodeIgniter\CodeIgniter->handleRequest(null, Object(Config\Cache), false)
 7 SYSTEMPATH\Boot.php(334): CodeIgniter\CodeIgniter->run()
 8 SYSTEMPATH\Boot.php(67): CodeIgniter\Boot::runCodeIgniter(Object(CodeIgniter\CodeIgniter))
 9 FCPATH\index.php(56): CodeIgniter\Boot::bootWeb(Object(Config\Paths))
DEBUG - 2025-06-25 02:21:56 --> Session: Class initialized using 'CodeIgniter\Session\Handlers\FileHandler' driver.
CRITICAL - 2025-06-25 02:21:56 --> ParseError: syntax error, unexpected token "if", expecting "function" or "const"
[Method: GET, Route: ventas]
in APPPATH\Controllers\ventasController.php on line 63.
 1 SYSTEMPATH\Autoloader\Autoloader.php(295): CodeIgniter\Autoloader\Autoloader->includeFile('C:\\xampp\\htdocs\\Proyecto_Marano_y_Mas\\app\\Controllers\\ventasController.php')
 2 SYSTEMPATH\Autoloader\Autoloader.php(271): CodeIgniter\Autoloader\Autoloader->loadInNamespace('App\\Controllers\\ventasController')
 3 [internal function]: CodeIgniter\Autoloader\Autoloader->loadClass('App\\Controllers\\ventasController')
 4 SYSTEMPATH\CodeIgniter.php(885): class_exists('\\App\\Controllers\\ventasController', true)
 5 SYSTEMPATH\CodeIgniter.php(494): CodeIgniter\CodeIgniter->startController()
 6 SYSTEMPATH\CodeIgniter.php(354): CodeIgniter\CodeIgniter->handleRequest(null, Object(Config\Cache), false)
 7 SYSTEMPATH\Boot.php(334): CodeIgniter\CodeIgniter->run()
 8 SYSTEMPATH\Boot.php(67): CodeIgniter\Boot::runCodeIgniter(Object(CodeIgniter\CodeIgniter))
 9 FCPATH\index.php(56): CodeIgniter\Boot::bootWeb(Object(Config\Paths))
DEBUG - 2025-06-25 02:21:58 --> Session: Class initialized using 'CodeIgniter\Session\Handlers\FileHandler' driver.
INFO - 2025-06-25 02:21:58 --> Cart Class Initialized
DEBUG - 2025-06-25 02:21:59 --> Session: Class initialized using 'CodeIgniter\Session\Handlers\FileHandler' driver.
CRITICAL - 2025-06-25 02:21:59 --> ParseError: syntax error, unexpected token "if", expecting "function" or "const"
[Method: GET, Route: ventas]
in APPPATH\Controllers\ventasController.php on line 63.
 1 SYSTEMPATH\Autoloader\Autoloader.php(295): CodeIgniter\Autoloader\Autoloader->includeFile('C:\\xampp\\htdocs\\Proyecto_Marano_y_Mas\\app\\Controllers\\ventasController.php')
 2 SYSTEMPATH\Autoloader\Autoloader.php(271): CodeIgniter\Autoloader\Autoloader->loadInNamespace('App\\Controllers\\ventasController')
 3 [internal function]: CodeIgniter\Autoloader\Autoloader->loadClass('App\\Controllers\\ventasController')
 4 SYSTEMPATH\CodeIgniter.php(885): class_exists('\\App\\Controllers\\ventasController', true)
 5 SYSTEMPATH\CodeIgniter.php(494): CodeIgniter\CodeIgniter->startController()
 6 SYSTEMPATH\CodeIgniter.php(354): CodeIgniter\CodeIgniter->handleRequest(null, Object(Config\Cache), false)
 7 SYSTEMPATH\Boot.php(334): CodeIgniter\CodeIgniter->run()
 8 SYSTEMPATH\Boot.php(67): CodeIgniter\Boot::runCodeIgniter(Object(CodeIgniter\CodeIgniter))
 9 FCPATH\index.php(56): CodeIgniter\Boot::bootWeb(Object(Config\Paths))
DEBUG - 2025-06-25 02:25:07 --> Session: Class initialized using 'CodeIgniter\Session\Handlers\FileHandler' driver.
INFO - 2025-06-25 02:25:07 --> Cart Class Initialized
DEBUG - 2025-06-25 02:25:09 --> Session: Class initialized using 'CodeIgniter\Session\Handlers\FileHandler' driver.
INFO - 2025-06-25 02:25:09 --> Cart Class Initialized
DEBUG - 2025-06-25 02:25:19 --> Session: Class initialized using 'CodeIgniter\Session\Handlers\FileHandler' driver.
INFO - 2025-06-25 02:25:19 --> Cart Class Initialized
DEBUG - 2025-06-25 02:25:21 --> Session: Class initialized using 'CodeIgniter\Session\Handlers\FileHandler' driver.
DEBUG - 2025-06-25 02:25:23 --> Session: Class initialized using 'CodeIgniter\Session\Handlers\FileHandler' driver.
INFO - 2025-06-25 02:25:23 --> Cart Class Initialized
DEBUG - 2025-06-25 02:25:23 --> Session: Class initialized using 'CodeIgniter\Session\Handlers\FileHandler' driver.
DEBUG - 2025-06-25 02:27:17 --> Session: Class initialized using 'CodeIgniter\Session\Handlers\FileHandler' driver.
INFO - 2025-06-25 02:27:17 --> Cart Class Initialized
DEBUG - 2025-06-25 02:27:18 --> Session: Class initialized using 'CodeIgniter\Session\Handlers\FileHandler' driver.
INFO - 2025-06-25 02:27:18 --> Cart Class Initialized
DEBUG - 2025-06-25 02:27:19 --> Session: Class initialized using 'CodeIgniter\Session\Handlers\FileHandler' driver.
INFO - 2025-06-25 02:27:19 --> Cart Class Initialized
DEBUG - 2025-06-25 02:27:21 --> Session: Class initialized using 'CodeIgniter\Session\Handlers\FileHandler' driver.
DEBUG - 2025-06-25 02:27:26 --> Session: Class initialized using 'CodeIgniter\Session\Handlers\FileHandler' driver.
DEBUG - 2025-06-25 02:27:27 --> Session: Class initialized using 'CodeIgniter\Session\Handlers\FileHandler' driver.
INFO - 2025-06-25 02:27:27 --> Cart Class Initialized
DEBUG - 2025-06-25 02:27:28 --> Session: Class initialized using 'CodeIgniter\Session\Handlers\FileHandler' driver.
DEBUG - 2025-06-25 02:27:28 --> Session: Class initialized using 'CodeIgniter\Session\Handlers\FileHandler' driver.
INFO - 2025-06-25 02:27:28 --> Cart Class Initialized
DEBUG - 2025-06-25 02:27:29 --> Session: Class initialized using 'CodeIgniter\Session\Handlers\FileHandler' driver.
INFO - 2025-06-25 02:27:29 --> Cart Class Initialized
DEBUG - 2025-06-25 02:27:31 --> Session: Class initialized using 'CodeIgniter\Session\Handlers\FileHandler' driver.
INFO - 2025-06-25 02:27:31 --> Cart Class Initialized
DEBUG - 2025-06-25 02:27:32 --> Session: Class initialized using 'CodeIgniter\Session\Handlers\FileHandler' driver.
INFO - 2025-06-25 02:27:32 --> Cart Class Initialized
DEBUG - 2025-06-25 02:27:40 --> Session: Class initialized using 'CodeIgniter\Session\Handlers\FileHandler' driver.
INFO - 2025-06-25 02:27:40 --> Cart Class Initialized
DEBUG - 2025-06-25 02:27:41 --> Session: Class initialized using 'CodeIgniter\Session\Handlers\FileHandler' driver.
INFO - 2025-06-25 02:27:41 --> Cart Class Initialized
DEBUG - 2025-06-25 02:27:41 --> Session: Class initialized using 'CodeIgniter\Session\Handlers\FileHandler' driver.
INFO - 2025-06-25 02:27:41 --> Cart Class Initialized
DEBUG - 2025-06-25 02:27:41 --> Session: Class initialized using 'CodeIgniter\Session\Handlers\FileHandler' driver.
INFO - 2025-06-25 02:27:41 --> Cart Class Initialized
DEBUG - 2025-06-25 02:27:42 --> Session: Class initialized using 'CodeIgniter\Session\Handlers\FileHandler' driver.
INFO - 2025-06-25 02:27:42 --> Cart Class Initialized
DEBUG - 2025-06-25 02:27:42 --> Session: Class initialized using 'CodeIgniter\Session\Handlers\FileHandler' driver.
INFO - 2025-06-25 02:27:42 --> Cart Class Initialized
DEBUG - 2025-06-25 02:29:07 --> Session: Class initialized using 'CodeIgniter\Session\Handlers\FileHandler' driver.
INFO - 2025-06-25 02:29:07 --> Cart Class Initialized
DEBUG - 2025-06-25 02:29:10 --> Session: Class initialized using 'CodeIgniter\Session\Handlers\FileHandler' driver.
INFO - 2025-06-25 02:29:10 --> Cart Class Initialized
DEBUG - 2025-06-25 02:29:10 --> Session: Class initialized using 'CodeIgniter\Session\Handlers\FileHandler' driver.
INFO - 2025-06-25 02:29:10 --> Cart Class Initialized
DEBUG - 2025-06-25 02:29:11 --> Session: Class initialized using 'CodeIgniter\Session\Handlers\FileHandler' driver.
INFO - 2025-06-25 02:29:11 --> Cart Class Initialized
DEBUG - 2025-06-25 02:29:11 --> Session: Class initialized using 'CodeIgniter\Session\Handlers\FileHandler' driver.
INFO - 2025-06-25 02:29:11 --> Cart Class Initialized
DEBUG - 2025-06-25 02:29:11 --> Session: Class initialized using 'CodeIgniter\Session\Handlers\FileHandler' driver.
INFO - 2025-06-25 02:29:12 --> Cart Class Initialized
DEBUG - 2025-06-25 02:29:12 --> Session: Class initialized using 'CodeIgniter\Session\Handlers\FileHandler' driver.
INFO - 2025-06-25 02:29:12 --> Cart Class Initialized
DEBUG - 2025-06-25 02:29:12 --> Session: Class initialized using 'CodeIgniter\Session\Handlers\FileHandler' driver.
INFO - 2025-06-25 02:29:12 --> Cart Class Initialized
DEBUG - 2025-06-25 02:29:13 --> Session: Class initialized using 'CodeIgniter\Session\Handlers\FileHandler' driver.
INFO - 2025-06-25 02:29:13 --> Cart Class Initialized
DEBUG - 2025-06-25 02:29:13 --> Session: Class initialized using 'CodeIgniter\Session\Handlers\FileHandler' driver.
INFO - 2025-06-25 02:29:13 --> Cart Class Initialized
DEBUG - 2025-06-25 02:29:13 --> Session: Class initialized using 'CodeIgniter\Session\Handlers\FileHandler' driver.
INFO - 2025-06-25 02:29:13 --> Cart Class Initialized
DEBUG - 2025-06-25 02:29:13 --> Session: Class initialized using 'CodeIgniter\Session\Handlers\FileHandler' driver.
INFO - 2025-06-25 02:29:13 --> Cart Class Initialized
DEBUG - 2025-06-25 02:29:14 --> Session: Class initialized using 'CodeIgniter\Session\Handlers\FileHandler' driver.
INFO - 2025-06-25 02:29:14 --> Cart Class Initialized
DEBUG - 2025-06-25 02:29:14 --> Session: Class initialized using 'CodeIgniter\Session\Handlers\FileHandler' driver.
INFO - 2025-06-25 02:29:14 --> Cart Class Initialized
DEBUG - 2025-06-25 02:29:14 --> Session: Class initialized using 'CodeIgniter\Session\Handlers\FileHandler' driver.
INFO - 2025-06-25 02:29:14 --> Cart Class Initialized
DEBUG - 2025-06-25 02:29:15 --> Session: Class initialized using 'CodeIgniter\Session\Handlers\FileHandler' driver.
INFO - 2025-06-25 02:29:15 --> Cart Class Initialized
DEBUG - 2025-06-25 02:29:17 --> Session: Class initialized using 'CodeIgniter\Session\Handlers\FileHandler' driver.
INFO - 2025-06-25 02:29:17 --> Cart Class Initialized
DEBUG - 2025-06-25 02:29:18 --> Session: Class initialized using 'CodeIgniter\Session\Handlers\FileHandler' driver.
INFO - 2025-06-25 02:29:18 --> Cart Class Initialized
DEBUG - 2025-06-25 02:29:19 --> Session: Class initialized using 'CodeIgniter\Session\Handlers\FileHandler' driver.
INFO - 2025-06-25 02:29:19 --> Cart Class Initialized
DEBUG - 2025-06-25 02:29:26 --> Session: Class initialized using 'CodeIgniter\Session\Handlers\FileHandler' driver.
INFO - 2025-06-25 02:29:26 --> Cart Class Initialized
DEBUG - 2025-06-25 02:29:27 --> Session: Class initialized using 'CodeIgniter\Session\Handlers\FileHandler' driver.
INFO - 2025-06-25 02:29:27 --> Cart Class Initialized
DEBUG - 2025-06-25 02:29:29 --> Session: Class initialized using 'CodeIgniter\Session\Handlers\FileHandler' driver.
INFO - 2025-06-25 02:29:29 --> Cart Class Initialized
DEBUG - 2025-06-25 02:29:32 --> Session: Class initialized using 'CodeIgniter\Session\Handlers\FileHandler' driver.
INFO - 2025-06-25 02:29:32 --> Cart Class Initialized
DEBUG - 2025-06-25 02:29:33 --> Session: Class initialized using 'CodeIgniter\Session\Handlers\FileHandler' driver.
INFO - 2025-06-25 02:29:33 --> Cart Class Initialized
DEBUG - 2025-06-25 02:29:34 --> Session: Class initialized using 'CodeIgniter\Session\Handlers\FileHandler' driver.
DEBUG - 2025-06-25 02:29:35 --> Session: Class initialized using 'CodeIgniter\Session\Handlers\FileHandler' driver.
DEBUG - 2025-06-25 02:29:36 --> Session: Class initialized using 'CodeIgniter\Session\Handlers\FileHandler' driver.
INFO - 2025-06-25 02:29:36 --> Cart Class Initialized
DEBUG - 2025-06-25 02:29:37 --> Session: Class initialized using 'CodeIgniter\Session\Handlers\FileHandler' driver.
INFO - 2025-06-25 02:29:37 --> Cart Class Initialized
DEBUG - 2025-06-25 02:30:07 --> Session: Class initialized using 'CodeIgniter\Session\Handlers\FileHandler' driver.
INFO - 2025-06-25 02:30:07 --> Cart Class Initialized
DEBUG - 2025-06-25 02:30:12 --> Session: Class initialized using 'CodeIgniter\Session\Handlers\FileHandler' driver.
INFO - 2025-06-25 02:30:12 --> Cart Class Initialized
DEBUG - 2025-06-25 02:30:13 --> Session: Class initialized using 'CodeIgniter\Session\Handlers\FileHandler' driver.
INFO - 2025-06-25 02:30:13 --> Cart Class Initialized
DEBUG - 2025-06-25 02:30:13 --> Session: Class initialized using 'CodeIgniter\Session\Handlers\FileHandler' driver.
INFO - 2025-06-25 02:30:13 --> Cart Class Initialized
DEBUG - 2025-06-25 02:30:13 --> Session: Class initialized using 'CodeIgniter\Session\Handlers\FileHandler' driver.
INFO - 2025-06-25 02:30:13 --> Cart Class Initialized
DEBUG - 2025-06-25 02:30:13 --> Session: Class initialized using 'CodeIgniter\Session\Handlers\FileHandler' driver.
INFO - 2025-06-25 02:30:13 --> Cart Class Initialized
DEBUG - 2025-06-25 02:30:13 --> Session: Class initialized using 'CodeIgniter\Session\Handlers\FileHandler' driver.
INFO - 2025-06-25 02:30:13 --> Cart Class Initialized
DEBUG - 2025-06-25 02:30:18 --> Session: Class initialized using 'CodeIgniter\Session\Handlers\FileHandler' driver.
INFO - 2025-06-25 02:30:18 --> Cart Class Initialized
DEBUG - 2025-06-25 02:30:27 --> Session: Class initialized using 'CodeIgniter\Session\Handlers\FileHandler' driver.
INFO - 2025-06-25 02:30:27 --> Cart Class Initialized
DEBUG - 2025-06-25 02:30:36 --> Session: Class initialized using 'CodeIgniter\Session\Handlers\FileHandler' driver.
DEBUG - 2025-06-25 02:30:36 --> Session: Class initialized using 'CodeIgniter\Session\Handlers\FileHandler' driver.
INFO - 2025-06-25 02:30:36 --> Cart Class Initialized
DEBUG - 2025-06-25 02:30:37 --> Session: Class initialized using 'CodeIgniter\Session\Handlers\FileHandler' driver.
INFO - 2025-06-25 02:30:37 --> Cart Class Initialized
DEBUG - 2025-06-25 02:30:42 --> Session: Class initialized using 'CodeIgniter\Session\Handlers\FileHandler' driver.
DEBUG - 2025-06-25 02:30:42 --> Session: Class initialized using 'CodeIgniter\Session\Handlers\FileHandler' driver.
INFO - 2025-06-25 02:30:42 --> Cart Class Initialized
DEBUG - 2025-06-25 02:30:45 --> Session: Class initialized using 'CodeIgniter\Session\Handlers\FileHandler' driver.
INFO - 2025-06-25 02:30:45 --> Cart Class Initialized
DEBUG - 2025-06-25 02:30:45 --> Session: Class initialized using 'CodeIgniter\Session\Handlers\FileHandler' driver.
DEBUG - 2025-06-25 02:30:46 --> Session: Class initialized using 'CodeIgniter\Session\Handlers\FileHandler' driver.
DEBUG - 2025-06-25 02:30:50 --> Session: Class initialized using 'CodeIgniter\Session\Handlers\FileHandler' driver.
INFO - 2025-06-25 02:30:50 --> Cart Class Initialized
DEBUG - 2025-06-25 02:30:51 --> Session: Class initialized using 'CodeIgniter\Session\Handlers\FileHandler' driver.
DEBUG - 2025-06-25 02:30:51 --> Session: Class initialized using 'CodeIgniter\Session\Handlers\FileHandler' driver.
DEBUG - 2025-06-25 02:30:52 --> Session: Class initialized using 'CodeIgniter\Session\Handlers\FileHandler' driver.
INFO - 2025-06-25 02:30:52 --> Cart Class Initialized
DEBUG - 2025-06-25 02:30:57 --> Session: Class initialized using 'CodeIgniter\Session\Handlers\FileHandler' driver.
INFO - 2025-06-25 02:30:57 --> Cart Class Initialized
DEBUG - 2025-06-25 02:30:57 --> Session: Class initialized using 'CodeIgniter\Session\Handlers\FileHandler' driver.
INFO - 2025-06-25 02:30:57 --> Cart Class Initialized
DEBUG - 2025-06-25 02:30:58 --> Session: Class initialized using 'CodeIgniter\Session\Handlers\FileHandler' driver.
INFO - 2025-06-25 02:30:58 --> Cart Class Initialized
DEBUG - 2025-06-25 02:30:59 --> Session: Class initialized using 'CodeIgniter\Session\Handlers\FileHandler' driver.
INFO - 2025-06-25 02:30:59 --> Cart Class Initialized
DEBUG - 2025-06-25 02:31:00 --> Session: Class initialized using 'CodeIgniter\Session\Handlers\FileHandler' driver.
DEBUG - 2025-06-25 02:31:00 --> Session: Class initialized using 'CodeIgniter\Session\Handlers\FileHandler' driver.
DEBUG - 2025-06-25 02:31:02 --> Session: Class initialized using 'CodeIgniter\Session\Handlers\FileHandler' driver.
INFO - 2025-06-25 02:31:02 --> Cart Class Initialized
DEBUG - 2025-06-25 02:31:06 --> Session: Class initialized using 'CodeIgniter\Session\Handlers\FileHandler' driver.
INFO - 2025-06-25 02:31:06 --> Cart Class Initialized
DEBUG - 2025-06-25 02:31:07 --> Session: Class initialized using 'CodeIgniter\Session\Handlers\FileHandler' driver.
DEBUG - 2025-06-25 02:31:07 --> Session: Class initialized using 'CodeIgniter\Session\Handlers\FileHandler' driver.
INFO - 2025-06-25 02:31:07 --> Cart Class Initialized
DEBUG - 2025-06-25 02:31:15 --> Session: Class initialized using 'CodeIgniter\Session\Handlers\FileHandler' driver.
INFO - 2025-06-25 02:31:15 --> Cart Class Initialized
DEBUG - 2025-06-25 02:31:20 --> Session: Class initialized using 'CodeIgniter\Session\Handlers\FileHandler' driver.
DEBUG - 2025-06-25 02:31:20 --> Session: Class initialized using 'CodeIgniter\Session\Handlers\FileHandler' driver.
INFO - 2025-06-25 02:31:20 --> Cart Class Initialized
DEBUG - 2025-06-25 02:31:22 --> Session: Class initialized using 'CodeIgniter\Session\Handlers\FileHandler' driver.
INFO - 2025-06-25 02:31:22 --> Cart Class Initialized
DEBUG - 2025-06-25 02:31:25 --> Session: Class initialized using 'CodeIgniter\Session\Handlers\FileHandler' driver.
INFO - 2025-06-25 02:31:25 --> Cart Class Initialized
DEBUG - 2025-06-25 02:31:26 --> Session: Class initialized using 'CodeIgniter\Session\Handlers\FileHandler' driver.
INFO - 2025-06-25 02:31:26 --> Cart Class Initialized
DEBUG - 2025-06-25 02:31:27 --> Session: Class initialized using 'CodeIgniter\Session\Handlers\FileHandler' driver.
INFO - 2025-06-25 02:31:27 --> Cart Class Initialized
DEBUG - 2025-06-25 02:31:27 --> Session: Class initialized using 'CodeIgniter\Session\Handlers\FileHandler' driver.
INFO - 2025-06-25 02:31:27 --> Cart Class Initialized
DEBUG - 2025-06-25 02:31:28 --> Session: Class initialized using 'CodeIgniter\Session\Handlers\FileHandler' driver.
INFO - 2025-06-25 02:31:28 --> Cart Class Initialized
DEBUG - 2025-06-25 02:31:39 --> Session: Class initialized using 'CodeIgniter\Session\Handlers\FileHandler' driver.
DEBUG - 2025-06-25 02:32:29 --> Session: Class initialized using 'CodeIgniter\Session\Handlers\FileHandler' driver.
DEBUG - 2025-06-25 02:32:29 --> Session: Class initialized using 'CodeIgniter\Session\Handlers\FileHandler' driver.
INFO - 2025-06-25 02:32:29 --> Cart Class Initialized
DEBUG - 2025-06-25 02:32:39 --> Session: Class initialized using 'CodeIgniter\Session\Handlers\FileHandler' driver.
INFO - 2025-06-25 02:32:39 --> Cart Class Initialized
DEBUG - 2025-06-25 02:32:41 --> Session: Class initialized using 'CodeIgniter\Session\Handlers\FileHandler' driver.
INFO - 2025-06-25 02:32:41 --> Cart Class Initialized
DEBUG - 2025-06-25 02:32:42 --> Session: Class initialized using 'CodeIgniter\Session\Handlers\FileHandler' driver.
DEBUG - 2025-06-25 02:32:42 --> Session: Class initialized using 'CodeIgniter\Session\Handlers\FileHandler' driver.
INFO - 2025-06-25 02:32:42 --> Cart Class Initialized
DEBUG - 2025-06-25 02:32:44 --> Session: Class initialized using 'CodeIgniter\Session\Handlers\FileHandler' driver.
INFO - 2025-06-25 02:32:44 --> Cart Class Initialized
DEBUG - 2025-06-25 02:32:51 --> Session: Class initialized using 'CodeIgniter\Session\Handlers\FileHandler' driver.
DEBUG - 2025-06-25 02:32:51 --> Session: Class initialized using 'CodeIgniter\Session\Handlers\FileHandler' driver.
INFO - 2025-06-25 02:32:51 --> Cart Class Initialized
DEBUG - 2025-06-25 02:32:55 --> Session: Class initialized using 'CodeIgniter\Session\Handlers\FileHandler' driver.
INFO - 2025-06-25 02:32:55 --> Cart Class Initialized
DEBUG - 2025-06-25 02:32:58 --> Session: Class initialized using 'CodeIgniter\Session\Handlers\FileHandler' driver.
DEBUG - 2025-06-25 02:33:04 --> Session: Class initialized using 'CodeIgniter\Session\Handlers\FileHandler' driver.
DEBUG - 2025-06-25 02:33:06 --> Session: Class initialized using 'CodeIgniter\Session\Handlers\FileHandler' driver.
INFO - 2025-06-25 02:33:06 --> Cart Class Initialized
DEBUG - 2025-06-25 02:33:08 --> Session: Class initialized using 'CodeIgniter\Session\Handlers\FileHandler' driver.
INFO - 2025-06-25 02:33:08 --> Cart Class Initialized
DEBUG - 2025-06-25 02:33:10 --> Session: Class initialized using 'CodeIgniter\Session\Handlers\FileHandler' driver.
INFO - 2025-06-25 02:33:10 --> Cart Class Initialized
DEBUG - 2025-06-25 02:33:29 --> Session: Class initialized using 'CodeIgniter\Session\Handlers\FileHandler' driver.
INFO - 2025-06-25 02:33:29 --> Cart Class Initialized
DEBUG - 2025-06-25 02:33:31 --> Session: Class initialized using 'CodeIgniter\Session\Handlers\FileHandler' driver.
INFO - 2025-06-25 02:33:31 --> Cart Class Initialized
DEBUG - 2025-06-25 02:33:36 --> Session: Class initialized using 'CodeIgniter\Session\Handlers\FileHandler' driver.
DEBUG - 2025-06-25 02:33:36 --> Session: Class initialized using 'CodeIgniter\Session\Handlers\FileHandler' driver.
INFO - 2025-06-25 02:33:36 --> Cart Class Initialized
DEBUG - 2025-06-25 02:33:40 --> Session: Class initialized using 'CodeIgniter\Session\Handlers\FileHandler' driver.
INFO - 2025-06-25 02:33:40 --> Cart Class Initialized
DEBUG - 2025-06-25 02:33:43 --> Session: Class initialized using 'CodeIgniter\Session\Handlers\FileHandler' driver.
INFO - 2025-06-25 02:33:43 --> Cart Class Initialized
DEBUG - 2025-06-25 02:34:01 --> Session: Class initialized using 'CodeIgniter\Session\Handlers\FileHandler' driver.
INFO - 2025-06-25 02:34:01 --> Cart Class Initialized
DEBUG - 2025-06-25 02:34:09 --> Session: Class initialized using 'CodeIgniter\Session\Handlers\FileHandler' driver.
DEBUG - 2025-06-25 02:34:09 --> Session: Class initialized using 'CodeIgniter\Session\Handlers\FileHandler' driver.
INFO - 2025-06-25 02:34:09 --> Cart Class Initialized
DEBUG - 2025-06-25 02:34:14 --> Session: Class initialized using 'CodeIgniter\Session\Handlers\FileHandler' driver.
INFO - 2025-06-25 02:34:14 --> Cart Class Initialized
DEBUG - 2025-06-25 02:34:14 --> Session: Class initialized using 'CodeIgniter\Session\Handlers\FileHandler' driver.
INFO - 2025-06-25 02:34:14 --> Cart Class Initialized
DEBUG - 2025-06-25 02:34:16 --> Session: Class initialized using 'CodeIgniter\Session\Handlers\FileHandler' driver.
INFO - 2025-06-25 02:34:16 --> Cart Class Initialized
DEBUG - 2025-06-25 02:34:17 --> Session: Class initialized using 'CodeIgniter\Session\Handlers\FileHandler' driver.
INFO - 2025-06-25 02:34:17 --> Cart Class Initialized
DEBUG - 2025-06-25 02:34:17 --> Session: Class initialized using 'CodeIgniter\Session\Handlers\FileHandler' driver.
INFO - 2025-06-25 02:34:17 --> Cart Class Initialized
DEBUG - 2025-06-25 02:34:18 --> Session: Class initialized using 'CodeIgniter\Session\Handlers\FileHandler' driver.
INFO - 2025-06-25 02:34:18 --> Cart Class Initialized
DEBUG - 2025-06-25 02:34:18 --> Session: Class initialized using 'CodeIgniter\Session\Handlers\FileHandler' driver.
INFO - 2025-06-25 02:34:18 --> Cart Class Initialized
DEBUG - 2025-06-25 02:34:18 --> Session: Class initialized using 'CodeIgniter\Session\Handlers\FileHandler' driver.
INFO - 2025-06-25 02:34:18 --> Cart Class Initialized
DEBUG - 2025-06-25 02:34:18 --> Session: Class initialized using 'CodeIgniter\Session\Handlers\FileHandler' driver.
INFO - 2025-06-25 02:34:18 --> Cart Class Initialized
DEBUG - 2025-06-25 02:34:20 --> Session: Class initialized using 'CodeIgniter\Session\Handlers\FileHandler' driver.
INFO - 2025-06-25 02:34:20 --> Cart Class Initialized
DEBUG - 2025-06-25 02:34:20 --> Session: Class initialized using 'CodeIgniter\Session\Handlers\FileHandler' driver.
INFO - 2025-06-25 02:34:20 --> Cart Class Initialized
DEBUG - 2025-06-25 02:34:22 --> Session: Class initialized using 'CodeIgniter\Session\Handlers\FileHandler' driver.
DEBUG - 2025-06-25 02:34:23 --> Session: Class initialized using 'CodeIgniter\Session\Handlers\FileHandler' driver.
DEBUG - 2025-06-25 02:34:34 --> Session: Class initialized using 'CodeIgniter\Session\Handlers\FileHandler' driver.
INFO - 2025-06-25 02:34:34 --> Cart Class Initialized
DEBUG - 2025-06-25 02:34:35 --> Session: Class initialized using 'CodeIgniter\Session\Handlers\FileHandler' driver.
INFO - 2025-06-25 02:34:35 --> Cart Class Initialized
DEBUG - 2025-06-25 02:34:41 --> Session: Class initialized using 'CodeIgniter\Session\Handlers\FileHandler' driver.
INFO - 2025-06-25 02:34:41 --> Cart Class Initialized
DEBUG - 2025-06-25 02:34:44 --> Session: Class initialized using 'CodeIgniter\Session\Handlers\FileHandler' driver.
INFO - 2025-06-25 02:34:44 --> Cart Class Initialized
DEBUG - 2025-06-25 02:34:44 --> Session: Class initialized using 'CodeIgniter\Session\Handlers\FileHandler' driver.
INFO - 2025-06-25 02:34:44 --> Cart Class Initialized
DEBUG - 2025-06-25 02:34:45 --> Session: Class initialized using 'CodeIgniter\Session\Handlers\FileHandler' driver.
INFO - 2025-06-25 02:34:45 --> Cart Class Initialized
DEBUG - 2025-06-25 02:35:00 --> Session: Class initialized using 'CodeIgniter\Session\Handlers\FileHandler' driver.
DEBUG - 2025-06-25 02:35:00 --> Session: Class initialized using 'CodeIgniter\Session\Handlers\FileHandler' driver.
INFO - 2025-06-25 02:35:00 --> Cart Class Initialized
DEBUG - 2025-06-25 02:35:03 --> Session: Class initialized using 'CodeIgniter\Session\Handlers\FileHandler' driver.
INFO - 2025-06-25 02:35:03 --> Cart Class Initialized
DEBUG - 2025-06-25 02:35:07 --> Session: Class initialized using 'CodeIgniter\Session\Handlers\FileHandler' driver.
DEBUG - 2025-06-25 02:35:07 --> Session: Class initialized using 'CodeIgniter\Session\Handlers\FileHandler' driver.
INFO - 2025-06-25 02:35:07 --> Cart Class Initialized
DEBUG - 2025-06-25 02:35:09 --> Session: Class initialized using 'CodeIgniter\Session\Handlers\FileHandler' driver.
INFO - 2025-06-25 02:35:09 --> Cart Class Initialized
DEBUG - 2025-06-25 02:35:10 --> Session: Class initialized using 'CodeIgniter\Session\Handlers\FileHandler' driver.
INFO - 2025-06-25 02:35:10 --> Cart Class Initialized
DEBUG - 2025-06-25 02:35:10 --> Session: Class initialized using 'CodeIgniter\Session\Handlers\FileHandler' driver.
INFO - 2025-06-25 02:35:10 --> Cart Class Initialized
DEBUG - 2025-06-25 02:35:12 --> Session: Class initialized using 'CodeIgniter\Session\Handlers\FileHandler' driver.
INFO - 2025-06-25 02:35:12 --> Cart Class Initialized
DEBUG - 2025-06-25 02:35:13 --> Session: Class initialized using 'CodeIgniter\Session\Handlers\FileHandler' driver.
INFO - 2025-06-25 02:35:13 --> Cart Class Initialized
DEBUG - 2025-06-25 02:35:13 --> Session: Class initialized using 'CodeIgniter\Session\Handlers\FileHandler' driver.
INFO - 2025-06-25 02:35:13 --> Cart Class Initialized
DEBUG - 2025-06-25 02:35:14 --> Session: Class initialized using 'CodeIgniter\Session\Handlers\FileHandler' driver.
INFO - 2025-06-25 02:35:14 --> Cart Class Initialized
DEBUG - 2025-06-25 02:35:14 --> Session: Class initialized using 'CodeIgniter\Session\Handlers\FileHandler' driver.
INFO - 2025-06-25 02:35:14 --> Cart Class Initialized
DEBUG - 2025-06-25 02:35:15 --> Session: Class initialized using 'CodeIgniter\Session\Handlers\FileHandler' driver.
INFO - 2025-06-25 02:35:15 --> Cart Class Initialized
DEBUG - 2025-06-25 02:35:15 --> Session: Class initialized using 'CodeIgniter\Session\Handlers\FileHandler' driver.
INFO - 2025-06-25 02:35:15 --> Cart Class Initialized
DEBUG - 2025-06-25 02:35:16 --> Session: Class initialized using 'CodeIgniter\Session\Handlers\FileHandler' driver.
INFO - 2025-06-25 02:35:16 --> Cart Class Initialized
DEBUG - 2025-06-25 02:35:16 --> Session: Class initialized using 'CodeIgniter\Session\Handlers\FileHandler' driver.
INFO - 2025-06-25 02:35:16 --> Cart Class Initialized
DEBUG - 2025-06-25 02:35:16 --> Session: Class initialized using 'CodeIgniter\Session\Handlers\FileHandler' driver.
INFO - 2025-06-25 02:35:16 --> Cart Class Initialized
DEBUG - 2025-06-25 02:35:16 --> Session: Class initialized using 'CodeIgniter\Session\Handlers\FileHandler' driver.
INFO - 2025-06-25 02:35:16 --> Cart Class Initialized
DEBUG - 2025-06-25 02:35:18 --> Session: Class initialized using 'CodeIgniter\Session\Handlers\FileHandler' driver.
DEBUG - 2025-06-25 02:35:18 --> Session: Class initialized using 'CodeIgniter\Session\Handlers\FileHandler' driver.
DEBUG - 2025-06-25 02:35:25 --> Session: Class initialized using 'CodeIgniter\Session\Handlers\FileHandler' driver.
DEBUG - 2025-06-25 02:35:25 --> Session: Class initialized using 'CodeIgniter\Session\Handlers\FileHandler' driver.
DEBUG - 2025-06-25 02:35:28 --> Session: Class initialized using 'CodeIgniter\Session\Handlers\FileHandler' driver.
INFO - 2025-06-25 02:35:28 --> Cart Class Initialized
DEBUG - 2025-06-25 02:35:28 --> Session: Class initialized using 'CodeIgniter\Session\Handlers\FileHandler' driver.
DEBUG - 2025-06-25 02:35:29 --> Session: Class initialized using 'CodeIgniter\Session\Handlers\FileHandler' driver.
INFO - 2025-06-25 02:35:29 --> Cart Class Initialized
DEBUG - 2025-06-25 02:35:30 --> Session: Class initialized using 'CodeIgniter\Session\Handlers\FileHandler' driver.
INFO - 2025-06-25 02:35:30 --> Cart Class Initialized
DEBUG - 2025-06-25 02:35:36 --> Session: Class initialized using 'CodeIgniter\Session\Handlers\FileHandler' driver.
DEBUG - 2025-06-25 02:35:37 --> Session: Class initialized using 'CodeIgniter\Session\Handlers\FileHandler' driver.
INFO - 2025-06-25 02:35:37 --> Cart Class Initialized
DEBUG - 2025-06-25 02:35:39 --> Session: Class initialized using 'CodeIgniter\Session\Handlers\FileHandler' driver.
INFO - 2025-06-25 02:35:39 --> Cart Class Initialized
DEBUG - 2025-06-25 02:38:14 --> Session: Class initialized using 'CodeIgniter\Session\Handlers\FileHandler' driver.
INFO - 2025-06-25 02:38:14 --> Cart Class Initialized
DEBUG - 2025-06-25 02:38:35 --> Session: Class initialized using 'CodeIgniter\Session\Handlers\FileHandler' driver.
DEBUG - 2025-06-25 02:38:44 --> Session: Class initialized using 'CodeIgniter\Session\Handlers\FileHandler' driver.
INFO - 2025-06-25 02:38:44 --> Cart Class Initialized
DEBUG - 2025-06-25 02:45:20 --> Session: Class initialized using 'CodeIgniter\Session\Handlers\FileHandler' driver.
INFO - 2025-06-25 02:45:20 --> Cart Class Initialized
DEBUG - 2025-06-25 02:47:32 --> Session: Class initialized using 'CodeIgniter\Session\Handlers\FileHandler' driver.
INFO - 2025-06-25 02:47:32 --> Cart Class Initialized
DEBUG - 2025-06-25 02:47:34 --> Session: Class initialized using 'CodeIgniter\Session\Handlers\FileHandler' driver.
INFO - 2025-06-25 02:47:34 --> Cart Class Initialized
DEBUG - 2025-06-25 02:47:40 --> Session: Class initialized using 'CodeIgniter\Session\Handlers\FileHandler' driver.
INFO - 2025-06-25 02:47:40 --> Cart Class Initialized
DEBUG - 2025-06-25 02:47:41 --> Session: Class initialized using 'CodeIgniter\Session\Handlers\FileHandler' driver.
INFO - 2025-06-25 02:47:41 --> Cart Class Initialized
DEBUG - 2025-06-25 02:47:47 --> Session: Class initialized using 'CodeIgniter\Session\Handlers\FileHandler' driver.
INFO - 2025-06-25 02:47:47 --> Cart Class Initialized
DEBUG - 2025-06-25 02:47:47 --> Session: Class initialized using 'CodeIgniter\Session\Handlers\FileHandler' driver.
DEBUG - 2025-06-25 02:47:48 --> Session: Class initialized using 'CodeIgniter\Session\Handlers\FileHandler' driver.
INFO - 2025-06-25 02:47:48 --> Cart Class Initialized
DEBUG - 2025-06-25 02:49:01 --> Session: Class initialized using 'CodeIgniter\Session\Handlers\FileHandler' driver.
DEBUG - 2025-06-25 02:49:01 --> Session: Class initialized using 'CodeIgniter\Session\Handlers\FileHandler' driver.
INFO - 2025-06-25 02:49:01 --> Cart Class Initialized
DEBUG - 2025-06-25 02:49:04 --> Session: Class initialized using 'CodeIgniter\Session\Handlers\FileHandler' driver.
DEBUG - 2025-06-25 02:49:04 --> Session: Class initialized using 'CodeIgniter\Session\Handlers\FileHandler' driver.
INFO - 2025-06-25 02:49:04 --> Cart Class Initialized
DEBUG - 2025-06-25 02:49:06 --> Session: Class initialized using 'CodeIgniter\Session\Handlers\FileHandler' driver.
DEBUG - 2025-06-25 02:49:06 --> Session: Class initialized using 'CodeIgniter\Session\Handlers\FileHandler' driver.
INFO - 2025-06-25 02:49:06 --> Cart Class Initialized
DEBUG - 2025-06-25 02:49:08 --> Session: Class initialized using 'CodeIgniter\Session\Handlers\FileHandler' driver.
DEBUG - 2025-06-25 02:49:08 --> Session: Class initialized using 'CodeIgniter\Session\Handlers\FileHandler' driver.
INFO - 2025-06-25 02:49:08 --> Cart Class Initialized
DEBUG - 2025-06-25 02:49:15 --> Session: Class initialized using 'CodeIgniter\Session\Handlers\FileHandler' driver.
INFO - 2025-06-25 02:49:15 --> Cart Class Initialized
DEBUG - 2025-06-25 02:49:16 --> Session: Class initialized using 'CodeIgniter\Session\Handlers\FileHandler' driver.
INFO - 2025-06-25 02:49:16 --> Cart Class Initialized
DEBUG - 2025-06-25 02:49:19 --> Session: Class initialized using 'CodeIgniter\Session\Handlers\FileHandler' driver.
INFO - 2025-06-25 02:49:19 --> Cart Class Initialized
DEBUG - 2025-06-25 02:49:21 --> Session: Class initialized using 'CodeIgniter\Session\Handlers\FileHandler' driver.
DEBUG - 2025-06-25 02:49:21 --> Session: Class initialized using 'CodeIgniter\Session\Handlers\FileHandler' driver.
INFO - 2025-06-25 02:49:21 --> Cart Class Initialized
DEBUG - 2025-06-25 02:49:22 --> Session: Class initialized using 'CodeIgniter\Session\Handlers\FileHandler' driver.
INFO - 2025-06-25 02:49:22 --> Cart Class Initialized
DEBUG - 2025-06-25 02:49:28 --> Session: Class initialized using 'CodeIgniter\Session\Handlers\FileHandler' driver.
DEBUG - 2025-06-25 02:49:28 --> Session: Class initialized using 'CodeIgniter\Session\Handlers\FileHandler' driver.
INFO - 2025-06-25 02:49:28 --> Cart Class Initialized
DEBUG - 2025-06-25 02:49:30 --> Session: Class initialized using 'CodeIgniter\Session\Handlers\FileHandler' driver.
INFO - 2025-06-25 02:49:30 --> Cart Class Initialized
DEBUG - 2025-06-25 02:49:33 --> Session: Class initialized using 'CodeIgniter\Session\Handlers\FileHandler' driver.
INFO - 2025-06-25 02:49:33 --> Cart Class Initialized
DEBUG - 2025-06-25 02:49:34 --> Session: Class initialized using 'CodeIgniter\Session\Handlers\FileHandler' driver.
INFO - 2025-06-25 02:49:34 --> Cart Class Initialized
DEBUG - 2025-06-25 02:49:47 --> Session: Class initialized using 'CodeIgniter\Session\Handlers\FileHandler' driver.
INFO - 2025-06-25 02:49:47 --> Cart Class Initialized
DEBUG - 2025-06-25 02:49:47 --> Session: Class initialized using 'CodeIgniter\Session\Handlers\FileHandler' driver.
INFO - 2025-06-25 02:49:47 --> Cart Class Initialized
DEBUG - 2025-06-25 02:49:49 --> Session: Class initialized using 'CodeIgniter\Session\Handlers\FileHandler' driver.
INFO - 2025-06-25 02:49:49 --> Cart Class Initialized
DEBUG - 2025-06-25 02:49:50 --> Session: Class initialized using 'CodeIgniter\Session\Handlers\FileHandler' driver.
DEBUG - 2025-06-25 02:49:50 --> Session: Class initialized using 'CodeIgniter\Session\Handlers\FileHandler' driver.
DEBUG - 2025-06-25 02:49:55 --> Session: Class initialized using 'CodeIgniter\Session\Handlers\FileHandler' driver.
INFO - 2025-06-25 02:49:55 --> Cart Class Initialized
DEBUG - 2025-06-25 02:49:55 --> Session: Class initialized using 'CodeIgniter\Session\Handlers\FileHandler' driver.
INFO - 2025-06-25 02:49:55 --> Cart Class Initialized
DEBUG - 2025-06-25 02:49:57 --> Session: Class initialized using 'CodeIgniter\Session\Handlers\FileHandler' driver.
INFO - 2025-06-25 02:49:57 --> Cart Class Initialized
DEBUG - 2025-06-25 02:50:00 --> Session: Class initialized using 'CodeIgniter\Session\Handlers\FileHandler' driver.
INFO - 2025-06-25 02:50:00 --> Cart Class Initialized
DEBUG - 2025-06-25 02:50:00 --> Session: Class initialized using 'CodeIgniter\Session\Handlers\FileHandler' driver.
INFO - 2025-06-25 02:50:00 --> Cart Class Initialized
DEBUG - 2025-06-25 02:50:01 --> Session: Class initialized using 'CodeIgniter\Session\Handlers\FileHandler' driver.
INFO - 2025-06-25 02:50:01 --> Cart Class Initialized
DEBUG - 2025-06-25 02:50:02 --> Session: Class initialized using 'CodeIgniter\Session\Handlers\FileHandler' driver.
DEBUG - 2025-06-25 02:50:02 --> Session: Class initialized using 'CodeIgniter\Session\Handlers\FileHandler' driver.
INFO - 2025-06-25 02:50:02 --> Cart Class Initialized
DEBUG - 2025-06-25 02:50:07 --> Session: Class initialized using 'CodeIgniter\Session\Handlers\FileHandler' driver.
INFO - 2025-06-25 02:50:07 --> Cart Class Initialized
DEBUG - 2025-06-25 02:50:10 --> Session: Class initialized using 'CodeIgniter\Session\Handlers\FileHandler' driver.
INFO - 2025-06-25 02:50:10 --> Cart Class Initialized
DEBUG - 2025-06-25 02:52:35 --> Session: Class initialized using 'CodeIgniter\Session\Handlers\FileHandler' driver.
DEBUG - 2025-06-25 02:52:36 --> Session: Class initialized using 'CodeIgniter\Session\Handlers\FileHandler' driver.
INFO - 2025-06-25 02:52:36 --> Cart Class Initialized
DEBUG - 2025-06-25 02:52:37 --> Session: Class initialized using 'CodeIgniter\Session\Handlers\FileHandler' driver.
DEBUG - 2025-06-25 02:52:37 --> Session: Class initialized using 'CodeIgniter\Session\Handlers\FileHandler' driver.
DEBUG - 2025-06-25 02:52:38 --> Session: Class initialized using 'CodeIgniter\Session\Handlers\FileHandler' driver.
INFO - 2025-06-25 02:52:38 --> Cart Class Initialized
DEBUG - 2025-06-25 02:52:40 --> Session: Class initialized using 'CodeIgniter\Session\Handlers\FileHandler' driver.
INFO - 2025-06-25 02:52:40 --> Cart Class Initialized
DEBUG - 2025-06-25 02:54:28 --> Session: Class initialized using 'CodeIgniter\Session\Handlers\FileHandler' driver.
INFO - 2025-06-25 02:54:28 --> Cart Class Initialized
DEBUG - 2025-06-25 02:54:29 --> Session: Class initialized using 'CodeIgniter\Session\Handlers\FileHandler' driver.
INFO - 2025-06-25 02:54:29 --> Cart Class Initialized
DEBUG - 2025-06-25 02:55:42 --> Session: Class initialized using 'CodeIgniter\Session\Handlers\FileHandler' driver.
INFO - 2025-06-25 02:55:42 --> Cart Class Initialized
DEBUG - 2025-06-25 02:56:19 --> Session: Class initialized using 'CodeIgniter\Session\Handlers\FileHandler' driver.
INFO - 2025-06-25 02:56:19 --> Cart Class Initialized
DEBUG - 2025-06-25 02:57:07 --> Session: Class initialized using 'CodeIgniter\Session\Handlers\FileHandler' driver.
INFO - 2025-06-25 02:57:07 --> Cart Class Initialized
DEBUG - 2025-06-25 03:02:58 --> Session: Class initialized using 'CodeIgniter\Session\Handlers\FileHandler' driver.
INFO - 2025-06-25 03:02:58 --> Cart Class Initialized
DEBUG - 2025-06-25 03:03:01 --> Session: Class initialized using 'CodeIgniter\Session\Handlers\FileHandler' driver.
INFO - 2025-06-25 03:03:01 --> Cart Class Initialized
DEBUG - 2025-06-25 03:03:13 --> Session: Class initialized using 'CodeIgniter\Session\Handlers\FileHandler' driver.
INFO - 2025-06-25 03:03:13 --> Cart Class Initialized
DEBUG - 2025-06-25 03:03:14 --> Session: Class initialized using 'CodeIgniter\Session\Handlers\FileHandler' driver.
DEBUG - 2025-06-25 03:03:14 --> Session: Class initialized using 'CodeIgniter\Session\Handlers\FileHandler' driver.
INFO - 2025-06-25 03:03:14 --> Cart Class Initialized
DEBUG - 2025-06-25 03:03:16 --> Session: Class initialized using 'CodeIgniter\Session\Handlers\FileHandler' driver.
INFO - 2025-06-25 03:03:16 --> Cart Class Initialized
DEBUG - 2025-06-25 03:03:19 --> Session: Class initialized using 'CodeIgniter\Session\Handlers\FileHandler' driver.
DEBUG - 2025-06-25 03:03:20 --> Session: Class initialized using 'CodeIgniter\Session\Handlers\FileHandler' driver.
INFO - 2025-06-25 03:03:20 --> Cart Class Initialized
DEBUG - 2025-06-25 03:03:22 --> Session: Class initialized using 'CodeIgniter\Session\Handlers\FileHandler' driver.
INFO - 2025-06-25 03:03:22 --> Cart Class Initialized
DEBUG - 2025-06-25 03:03:25 --> Session: Class initialized using 'CodeIgniter\Session\Handlers\FileHandler' driver.
INFO - 2025-06-25 03:03:25 --> Cart Class Initialized
DEBUG - 2025-06-25 03:04:47 --> Session: Class initialized using 'CodeIgniter\Session\Handlers\FileHandler' driver.
DEBUG - 2025-06-25 03:04:47 --> Session: Class initialized using 'CodeIgniter\Session\Handlers\FileHandler' driver.
INFO - 2025-06-25 03:04:47 --> Cart Class Initialized
DEBUG - 2025-06-25 03:04:54 --> Session: Class initialized using 'CodeIgniter\Session\Handlers\FileHandler' driver.
INFO - 2025-06-25 03:04:54 --> Cart Class Initialized
DEBUG - 2025-06-25 03:04:58 --> Session: Class initialized using 'CodeIgniter\Session\Handlers\FileHandler' driver.
INFO - 2025-06-25 03:04:58 --> Cart Class Initialized
DEBUG - 2025-06-25 03:05:00 --> Session: Class initialized using 'CodeIgniter\Session\Handlers\FileHandler' driver.
DEBUG - 2025-06-25 03:05:00 --> Session: Class initialized using 'CodeIgniter\Session\Handlers\FileHandler' driver.
INFO - 2025-06-25 03:05:00 --> Cart Class Initialized
DEBUG - 2025-06-25 03:05:01 --> Session: Class initialized using 'CodeIgniter\Session\Handlers\FileHandler' driver.
DEBUG - 2025-06-25 03:05:01 --> Session: Class initialized using 'CodeIgniter\Session\Handlers\FileHandler' driver.
INFO - 2025-06-25 03:05:01 --> Cart Class Initialized
DEBUG - 2025-06-25 03:05:01 --> Session: Class initialized using 'CodeIgniter\Session\Handlers\FileHandler' driver.
INFO - 2025-06-25 03:05:01 --> Cart Class Initialized
DEBUG - 2025-06-25 03:05:08 --> Session: Class initialized using 'CodeIgniter\Session\Handlers\FileHandler' driver.
DEBUG - 2025-06-25 03:05:09 --> Session: Class initialized using 'CodeIgniter\Session\Handlers\FileHandler' driver.
INFO - 2025-06-25 03:05:09 --> Cart Class Initialized
DEBUG - 2025-06-25 03:05:10 --> Session: Class initialized using 'CodeIgniter\Session\Handlers\FileHandler' driver.
INFO - 2025-06-25 03:05:10 --> Cart Class Initialized
DEBUG - 2025-06-25 03:05:16 --> Session: Class initialized using 'CodeIgniter\Session\Handlers\FileHandler' driver.
INFO - 2025-06-25 03:05:16 --> Cart Class Initialized
DEBUG - 2025-06-25 03:05:16 --> Session: Class initialized using 'CodeIgniter\Session\Handlers\FileHandler' driver.
INFO - 2025-06-25 03:05:16 --> Cart Class Initialized
DEBUG - 2025-06-25 03:05:17 --> Session: Class initialized using 'CodeIgniter\Session\Handlers\FileHandler' driver.
INFO - 2025-06-25 03:05:17 --> Cart Class Initialized
DEBUG - 2025-06-25 03:05:19 --> Session: Class initialized using 'CodeIgniter\Session\Handlers\FileHandler' driver.
INFO - 2025-06-25 03:05:19 --> Cart Class Initialized
DEBUG - 2025-06-25 03:05:19 --> Session: Class initialized using 'CodeIgniter\Session\Handlers\FileHandler' driver.
INFO - 2025-06-25 03:05:19 --> Cart Class Initialized
DEBUG - 2025-06-25 03:05:19 --> Session: Class initialized using 'CodeIgniter\Session\Handlers\FileHandler' driver.
INFO - 2025-06-25 03:05:19 --> Cart Class Initialized
DEBUG - 2025-06-25 03:05:19 --> Session: Class initialized using 'CodeIgniter\Session\Handlers\FileHandler' driver.
INFO - 2025-06-25 03:05:19 --> Cart Class Initialized
DEBUG - 2025-06-25 03:05:21 --> Session: Class initialized using 'CodeIgniter\Session\Handlers\FileHandler' driver.
INFO - 2025-06-25 03:05:21 --> Cart Class Initialized
DEBUG - 2025-06-25 03:05:21 --> Session: Class initialized using 'CodeIgniter\Session\Handlers\FileHandler' driver.
INFO - 2025-06-25 03:05:21 --> Cart Class Initialized
DEBUG - 2025-06-25 03:05:21 --> Session: Class initialized using 'CodeIgniter\Session\Handlers\FileHandler' driver.
INFO - 2025-06-25 03:05:21 --> Cart Class Initialized
DEBUG - 2025-06-25 03:05:21 --> Session: Class initialized using 'CodeIgniter\Session\Handlers\FileHandler' driver.
INFO - 2025-06-25 03:05:21 --> Cart Class Initialized
DEBUG - 2025-06-25 03:05:23 --> Session: Class initialized using 'CodeIgniter\Session\Handlers\FileHandler' driver.
INFO - 2025-06-25 00:05:23 --> Cart Class Initialized
DEBUG - 2025-06-25 03:05:23 --> Session: Class initialized using 'CodeIgniter\Session\Handlers\FileHandler' driver.
INFO - 2025-06-25 00:05:23 --> Cart Class Initialized
DEBUG - 2025-06-25 03:05:26 --> Session: Class initialized using 'CodeIgniter\Session\Handlers\FileHandler' driver.
INFO - 2025-06-25 03:05:26 --> Cart Class Initialized
DEBUG - 2025-06-25 03:05:27 --> Session: Class initialized using 'CodeIgniter\Session\Handlers\FileHandler' driver.
DEBUG - 2025-06-25 03:05:27 --> Session: Class initialized using 'CodeIgniter\Session\Handlers\FileHandler' driver.
INFO - 2025-06-25 03:05:27 --> Cart Class Initialized
DEBUG - 2025-06-25 03:05:28 --> Session: Class initialized using 'CodeIgniter\Session\Handlers\FileHandler' driver.
INFO - 2025-06-25 03:05:28 --> Cart Class Initialized
DEBUG - 2025-06-25 03:05:33 --> Session: Class initialized using 'CodeIgniter\Session\Handlers\FileHandler' driver.
DEBUG - 2025-06-25 03:05:34 --> Session: Class initialized using 'CodeIgniter\Session\Handlers\FileHandler' driver.
INFO - 2025-06-25 03:05:34 --> Cart Class Initialized
DEBUG - 2025-06-25 03:05:35 --> Session: Class initialized using 'CodeIgniter\Session\Handlers\FileHandler' driver.
INFO - 2025-06-25 03:05:35 --> Cart Class Initialized
DEBUG - 2025-06-25 03:05:38 --> Session: Class initialized using 'CodeIgniter\Session\Handlers\FileHandler' driver.
DEBUG - 2025-06-25 03:05:38 --> Session: Class initialized using 'CodeIgniter\Session\Handlers\FileHandler' driver.
INFO - 2025-06-25 03:05:38 --> Cart Class Initialized
DEBUG - 2025-06-25 03:05:39 --> Session: Class initialized using 'CodeIgniter\Session\Handlers\FileHandler' driver.
INFO - 2025-06-25 03:05:39 --> Cart Class Initialized
DEBUG - 2025-06-25 03:05:43 --> Session: Class initialized using 'CodeIgniter\Session\Handlers\FileHandler' driver.
DEBUG - 2025-06-25 03:05:43 --> Session: Class initialized using 'CodeIgniter\Session\Handlers\FileHandler' driver.
INFO - 2025-06-25 03:05:43 --> Cart Class Initialized
DEBUG - 2025-06-25 03:05:44 --> Session: Class initialized using 'CodeIgniter\Session\Handlers\FileHandler' driver.
INFO - 2025-06-25 03:05:44 --> Cart Class Initialized
DEBUG - 2025-06-25 03:05:45 --> Session: Class initialized using 'CodeIgniter\Session\Handlers\FileHandler' driver.
INFO - 2025-06-25 03:05:45 --> Cart Class Initialized
DEBUG - 2025-06-25 03:05:45 --> Session: Class initialized using 'CodeIgniter\Session\Handlers\FileHandler' driver.
INFO - 2025-06-25 03:05:45 --> Cart Class Initialized
DEBUG - 2025-06-25 03:05:47 --> Session: Class initialized using 'CodeIgniter\Session\Handlers\FileHandler' driver.
INFO - 2025-06-25 03:05:47 --> Cart Class Initialized
DEBUG - 2025-06-25 03:05:48 --> Session: Class initialized using 'CodeIgniter\Session\Handlers\FileHandler' driver.
INFO - 2025-06-25 03:05:48 --> Cart Class Initialized
DEBUG - 2025-06-25 03:05:48 --> Session: Class initialized using 'CodeIgniter\Session\Handlers\FileHandler' driver.
INFO - 2025-06-25 03:05:48 --> Cart Class Initialized
DEBUG - 2025-06-25 03:05:48 --> Session: Class initialized using 'CodeIgniter\Session\Handlers\FileHandler' driver.
INFO - 2025-06-25 03:05:48 --> Cart Class Initialized
DEBUG - 2025-06-25 03:05:48 --> Session: Class initialized using 'CodeIgniter\Session\Handlers\FileHandler' driver.
INFO - 2025-06-25 03:05:48 --> Cart Class Initialized
DEBUG - 2025-06-25 03:05:49 --> Session: Class initialized using 'CodeIgniter\Session\Handlers\FileHandler' driver.
INFO - 2025-06-25 03:05:49 --> Cart Class Initialized
DEBUG - 2025-06-25 03:05:49 --> Session: Class initialized using 'CodeIgniter\Session\Handlers\FileHandler' driver.
INFO - 2025-06-25 03:05:49 --> Cart Class Initialized
DEBUG - 2025-06-25 03:05:49 --> Session: Class initialized using 'CodeIgniter\Session\Handlers\FileHandler' driver.
INFO - 2025-06-25 03:05:49 --> Cart Class Initialized
DEBUG - 2025-06-25 03:05:49 --> Session: Class initialized using 'CodeIgniter\Session\Handlers\FileHandler' driver.
INFO - 2025-06-25 03:05:49 --> Cart Class Initialized
DEBUG - 2025-06-25 03:05:53 --> Session: Class initialized using 'CodeIgniter\Session\Handlers\FileHandler' driver.
INFO - 2025-06-25 03:05:53 --> Cart Class Initialized
DEBUG - 2025-06-25 03:05:53 --> Session: Class initialized using 'CodeIgniter\Session\Handlers\FileHandler' driver.
INFO - 2025-06-25 03:05:53 --> Cart Class Initialized
DEBUG - 2025-06-25 03:05:57 --> Session: Class initialized using 'CodeIgniter\Session\Handlers\FileHandler' driver.
INFO - 2025-06-25 00:05:57 --> Cart Class Initialized
DEBUG - 2025-06-25 03:05:57 --> Session: Class initialized using 'CodeIgniter\Session\Handlers\FileHandler' driver.
INFO - 2025-06-25 03:05:57 --> Cart Class Initialized
DEBUG - 2025-06-25 03:06:00 --> Session: Class initialized using 'CodeIgniter\Session\Handlers\FileHandler' driver.
INFO - 2025-06-25 03:06:00 --> Cart Class Initialized
DEBUG - 2025-06-25 03:06:18 --> Session: Class initialized using 'CodeIgniter\Session\Handlers\FileHandler' driver.
DEBUG - 2025-06-25 03:06:18 --> Session: Class initialized using 'CodeIgniter\Session\Handlers\FileHandler' driver.
INFO - 2025-06-25 00:06:18 --> Cart Class Initialized
DEBUG - 2025-06-25 03:06:21 --> Session: Class initialized using 'CodeIgniter\Session\Handlers\FileHandler' driver.
INFO - 2025-06-25 03:06:21 --> Cart Class Initialized
DEBUG - 2025-06-25 03:06:23 --> Session: Class initialized using 'CodeIgniter\Session\Handlers\FileHandler' driver.
INFO - 2025-06-25 03:06:23 --> Cart Class Initialized
DEBUG - 2025-06-25 03:06:25 --> Session: Class initialized using 'CodeIgniter\Session\Handlers\FileHandler' driver.
INFO - 2025-06-25 03:06:25 --> Cart Class Initialized
DEBUG - 2025-06-25 03:06:26 --> Session: Class initialized using 'CodeIgniter\Session\Handlers\FileHandler' driver.
DEBUG - 2025-06-25 03:06:27 --> Session: Class initialized using 'CodeIgniter\Session\Handlers\FileHandler' driver.
INFO - 2025-06-25 03:06:27 --> Cart Class Initialized
